  anim.cxx
D:\study\2 KURS\3rdSemestr\projects\3sem\2dAnimation\anim.cxx(10,38): warning C4244: =: преобразование "float" в "T", возможна потеря данных
          with
          [
              T=int
          ]
D:\study\2 KURS\3rdSemestr\projects\3sem\2dAnimation\anim.cxx(11,39): warning C4244: =: преобразование "float" в "T", возможна потеря данных
          with
          [
              T=int
          ]
  main.cxx
  Создание кода...
anim.obj : error LNK2019: ссылка на неразрешенный внешний символ "public: class sf::Vector2<unsigned int> __cdecl sf::Texture::getSize(void)const " (?getSize@Texture@sf@@QEBA?AV?$Vector2@I@2@XZ) в функции "public: __cdecl Animation::Animation(class sf::Texture *,class sf::Vector2<unsigned int>,float)" (??0Animation@@QEAA@PEAVTexture@sf@@V?$Vector2@I@2@M@Z).
main.obj : error LNK2019: ссылка на неразрешенный внешний символ "public: float __cdecl sf::Time::asSeconds(void)const " (?asSeconds@Time@sf@@QEBAMXZ) в функции main.
main.obj : error LNK2019: ссылка на неразрешенный внешний символ "public: __cdecl sf::Clock::Clock(void)" (??0Clock@sf@@QEAA@XZ) в функции main.
main.obj : error LNK2019: ссылка на неразрешенный внешний символ "public: class sf::Time __cdecl sf::Clock::restart(void)" (?restart@Clock@sf@@QEAA?AVTime@2@XZ) в функции main.
main.obj : error LNK2019: ссылка на неразрешенный внешний символ "public: __cdecl sf::String::String(char const *,class std::locale const &)" (??0String@sf@@QEAA@PEBDAEBVlocale@std@@@Z) в функции main.
main.obj : error LNK2019: ссылка на неразрешенный внешний символ "public: static bool __cdecl sf::Keyboard::isKeyPressed(enum sf::Keyboard::Key)" (?isKeyPressed@Keyboard@sf@@SA_NW4Key@12@@Z) в функции main.
main.obj : error LNK2019: ссылка на неразрешенный внешний символ "public: __cdecl sf::VideoMode::VideoMode(unsigned int,unsigned int,unsigned int)" (??0VideoMode@sf@@QEAA@III@Z) в функции main.
main.obj : error LNK2019: ссылка на неразрешенный внешний символ "public: void __cdecl sf::Window::close(void)" (?close@Window@sf@@QEAAXXZ) в функции main.
main.obj : error LNK2019: ссылка на неразрешенный внешний символ "public: bool __cdecl sf::Window::isOpen(void)const " (?isOpen@Window@sf@@QEBA_NXZ) в функции main.
main.obj : error LNK2019: ссылка на неразрешенный внешний символ "public: bool __cdecl sf::Window::pollEvent(class sf::Event &)" (?pollEvent@Window@sf@@QEAA_NAEAVEvent@2@@Z) в функции main.
main.obj : error LNK2019: ссылка на неразрешенный внешний символ "public: void __cdecl sf::Window::display(void)" (?display@Window@sf@@QEAAXXZ) в функции main.
main.obj : error LNK2019: ссылка на неразрешенный внешний символ "public: void __cdecl sf::Transformable::setPosition(float,float)" (?setPosition@Transformable@sf@@QEAAXMM@Z) в функции main.
main.obj : error LNK2019: ссылка на неразрешенный внешний символ "public: __cdecl sf::Color::Color(unsigned char,unsigned char,unsigned char,unsigned char)" (??0Color@sf@@QEAA@EEEE@Z) в функции main.
main.obj : error LNK2019: ссылка на неразрешенный внешний символ "public: virtual __cdecl sf::Shape::~Shape(void)" (??1Shape@sf@@UEAA@XZ) в функции "public: virtual __cdecl sf::RectangleShape::~RectangleShape(void)" (??1RectangleShape@sf@@UEAA@XZ).
main.obj : error LNK2019: ссылка на неразрешенный внешний символ "public: void __cdecl sf::Shape::setTexture(class sf::Texture const *,bool)" (?setTexture@Shape@sf@@QEAAXPEBVTexture@2@_N@Z) в функции main.
main.obj : error LNK2019: ссылка на неразрешенный внешний символ "public: void __cdecl sf::Shape::setTextureRect(class sf::Rect<int> const &)" (?setTextureRect@Shape@sf@@QEAAXAEBV?$Rect@H@2@@Z) в функции main.
main.obj : error LNK2019: ссылка на неразрешенный внешний символ "public: __cdecl sf::Texture::Texture(void)" (??0Texture@sf@@QEAA@XZ) в функции main.
main.obj : error LNK2019: ссылка на неразрешенный внешний символ "public: __cdecl sf::Texture::~Texture(void)" (??1Texture@sf@@QEAA@XZ) в функции main.
main.obj : error LNK2019: ссылка на неразрешенный внешний символ "public: bool __cdecl sf::Texture::loadFromFile(class std::basic_string<char,struct std::char_traits<char>,class std::allocator<char> > const &,class sf::Rect<int> const &)" (?loadFromFile@Texture@sf@@QEAA_NAEBV?$basic_string@DU?$char_traits@D@std@@V?$allocator@D@2@@std@@AEBV?$Rect@H@2@@Z) в функции main.
main.obj : error LNK2019: ссылка на неразрешенный внешний символ "public: __cdecl sf::RectangleShape::RectangleShape(class sf::Vector2<float> const &)" (??0RectangleShape@sf@@QEAA@AEBV?$Vector2@M@1@@Z) в функции main.
main.obj : error LNK2019: ссылка на неразрешенный внешний символ "public: void __cdecl sf::RenderTarget::clear(class sf::Color const &)" (?clear@RenderTarget@sf@@QEAAXAEBVColor@2@@Z) в функции main.
main.obj : error LNK2019: ссылка на неразрешенный внешний символ "public: void __cdecl sf::RenderTarget::draw(class sf::Drawable const &,class sf::RenderStates const &)" (?draw@RenderTarget@sf@@QEAAXAEBVDrawable@2@AEBVRenderStates@2@@Z) в функции main.
main.obj : error LNK2019: ссылка на неразрешенный внешний символ "public: __cdecl sf::RenderWindow::RenderWindow(class sf::VideoMode,class sf::String const &,unsigned int,struct sf::ContextSettings const &)" (??0RenderWindow@sf@@QEAA@VVideoMode@1@AEBVString@1@IAEBUContextSettings@1@@Z) в функции main.
main.obj : error LNK2019: ссылка на неразрешенный внешний символ "public: virtual __cdecl sf::RenderWindow::~RenderWindow(void)" (??1RenderWindow@sf@@UEAA@XZ) в функции main.
main.obj : error LNK2001: неразрешенный внешний символ "public: static class sf::RenderStates const sf::RenderStates::Default" (?Default@RenderStates@sf@@2V12@B).
D:\study\2 KURS\3rdSemestr\projects\3sem\2dAnimation\x64\Debug\2dAnimation.exe : fatal error LNK1120: неразрешенных внешних элементов: 25
